C51 COMPILER V9.54   KEY                                                                   05/14/2024 12:13:24 PAGE 1   


C51 COMPILER V9.54, COMPILATION OF MODULE KEY
OBJECT MODULE PLACED IN .\Objects\Key.obj
COMPILER INVOKED BY: D:\Tool\Keil5\Keil5\C51\BIN\C51.EXE Key.c OPTIMIZE(8,SPEED) BROWSE DEBUG OBJECTEXTEND PRINT(.\Listi
                    -ngs\Key.lst) TABS(2) OBJECT(.\Objects\Key.obj)

line level    source

   1          #include <REGX52.H>
   2          #include "Delay.h"
   3          
   4          unsigned char Key_KeyNumber;
   5          
   6          unsigned char Key(void)
   7          {
   8   1          unsigned char Temp=0;
   9   1          Temp=Key_KeyNumber;
  10   1          Key_KeyNumber=0;
  11   1          return Temp;
  12   1      }
  13          
  14          unsigned char Key_GetState()
  15          {
  16   1        unsigned char KeyNumber=0;
  17   1        //一定记得软件消抖if和while内的都要修改
  18   1        
  19   1        P2 = 0xFF;
  20   1        P2_0=0;
  21   1        //先给按键赋值，使得变量彼此独立
  22   1        if(P1_0==0){Delay(20);while(P1_0==0);Delay(20);KeyNumber=0x07;}
  23   1        if(P1_1==0){Delay(20);while(P1_1==0);Delay(20);KeyNumber=0x04;}
  24   1        if(P1_2==0){Delay(20);while(P1_2==0);Delay(20);KeyNumber=0X01;}
  25   1        if(P1_3==0){Delay(20);while(P1_3==0);Delay(20);KeyNumber=0X10;}
  26   1        
  27   1        
  28   1        P2 = 0xFF;
  29   1        P2_1=0;
  30   1        //先给按键赋值，使得变量彼此独立
  31   1        if(P1_0==0){Delay(20);while(P1_0==0);Delay(20);KeyNumber=0x08;}
  32   1        if(P1_1==0){Delay(20);while(P1_1==0);Delay(20);KeyNumber=0x05;}
  33   1        if(P1_2==0){Delay(20);while(P1_2==0);Delay(20);KeyNumber=0X02;}
  34   1        if(P1_3==0){Delay(20);while(P1_3==0);Delay(20);KeyNumber=0X0F;}
  35   1        
  36   1        P2 = 0xFF;
  37   1        P2_2=0;
  38   1        //先给按键赋值，使得变量彼此独立
  39   1        if(P1_0==0){Delay(20);while(P1_0==0);Delay(20);KeyNumber=0x09;}
  40   1        if(P1_1==0){Delay(20);while(P1_1==0);Delay(20);KeyNumber=0x06;}
  41   1        if(P1_2==0){Delay(20);while(P1_2==0);Delay(20);KeyNumber=0X03;}
  42   1        if(P1_3==0){Delay(20);while(P1_3==0);Delay(20);KeyNumber=0X0E;}
  43   1        
  44   1        P2 = 0xFF;
  45   1        P2_3=0;
  46   1        //先给按键赋值，使得变量彼此独立
  47   1        if(P1_0==0){Delay(20);while(P1_0==0);Delay(20);KeyNumber=0x0A;}
  48   1        if(P1_1==0){Delay(20);while(P1_1==0);Delay(20);KeyNumber=0x0B;}
  49   1        if(P1_2==0){Delay(20);while(P1_2==0);Delay(20);KeyNumber=0X0C;}
  50   1        if(P1_3==0){Delay(20);while(P1_3==0);Delay(20);KeyNumber=0X0D;}
  51   1        
  52   1        return KeyNumber;
  53   1      }
  54          
C51 COMPILER V9.54   KEY                                                                   05/14/2024 12:13:24 PAGE 2   

  55          void Key_Loop(void)
  56          {
  57   1          static unsigned char NowState,LastState;
  58   1          LastState=NowState;
  59   1          NowState=Key_GetState();
  60   1          if(LastState && NowState==0)
  61   1          {
  62   2              // LastState有值
  63   2              Key_KeyNumber=LastState;
  64   2          }
  65   1      }


MODULE INFORMATION:   STATIC OVERLAYABLE
   CODE SIZE        =    419    ----
   CONSTANT SIZE    =   ----    ----
   XDATA SIZE       =   ----    ----
   PDATA SIZE       =   ----    ----
   DATA SIZE        =      3       1
   IDATA SIZE       =   ----    ----
   BIT SIZE         =   ----    ----
END OF MODULE INFORMATION.


C51 COMPILATION COMPLETE.  0 WARNING(S),  0 ERROR(S)
