C51 COMPILER V9.54   KEY                                                                   05/07/2024 20:33:14 PAGE 1   


C51 COMPILER V9.54, COMPILATION OF MODULE KEY
OBJECT MODULE PLACED IN .\Objects\Key.obj
COMPILER INVOKED BY: D:\Tool\Keil5\Keil5\C51\BIN\C51.EXE Key.c OPTIMIZE(8,SPEED) BROWSE DEBUG OBJECTEXTEND PRINT(.\Listi
                    -ngs\Key.lst) TABS(2) OBJECT(.\Objects\Key.obj)

line level    source

   1          #include <REGX52.H>
   2          #include "Delay.h"
   3          
   4          unsigned char Key_KeyNumber;
   5          
   6          unsigned char Key(void)
   7          {
   8   1          unsigned char Temp=0;
   9   1          Temp=Key_KeyNumber;
  10   1          Key_KeyNumber=0;
  11   1          return Temp;
  12   1      }
  13          
  14          unsigned char Key_GetState()
  15          {
  16   1        unsigned char KeyNumber=0;
  17   1        //一定记得软件消抖if和while内的都要修改
  18   1        if(P1_0==0){KeyNumber=1;}
  19   1        if(P1_1==0){KeyNumber=2;}
  20   1        if(P1_2==0){KeyNumber=3;}
  21   1        if(P1_3==0){KeyNumber=4;}
  22   1        return KeyNumber;
  23   1      }
  24          
  25          void Key_Loop(void)
  26          {
  27   1          static unsigned char NowState,LastState;
  28   1          LastState=NowState;
  29   1          NowState=Key_GetState();
  30   1          if(LastState && NowState==0)
  31   1          {
  32   2              Key_KeyNumber = LastState;
  33   2          }
  34   1          /*
  35   1          if(LastState==1 && NowState==0)
  36   1          {
  37   1              Key_KeyNumber=1;
  38   1          }
  39   1          if(LastState==2 && NowState==0)
  40   1          {
  41   1              Key_KeyNumber=2;
  42   1          }
  43   1          if(LastState==3 && NowState==0)
  44   1          {
  45   1              Key_KeyNumber=3;
  46   1          }
  47   1          if(LastState==4 && NowState==0)
  48   1          {
  49   1              Key_KeyNumber=4;
  50   1          }
  51   1          */
  52   1      }


C51 COMPILER V9.54   KEY                                                                   05/07/2024 20:33:14 PAGE 2   

MODULE INFORMATION:   STATIC OVERLAYABLE
   CODE SIZE        =     48    ----
   CONSTANT SIZE    =   ----    ----
   XDATA SIZE       =   ----    ----
   PDATA SIZE       =   ----    ----
   DATA SIZE        =      3    ----
   IDATA SIZE       =   ----    ----
   BIT SIZE         =   ----    ----
END OF MODULE INFORMATION.


C51 COMPILATION COMPLETE.  0 WARNING(S),  0 ERROR(S)
