C51 COMPILER V9.54   NIXIE                                                                 05/08/2024 00:18:52 PAGE 1   


C51 COMPILER V9.54, COMPILATION OF MODULE NIXIE
OBJECT MODULE PLACED IN .\Objects\Nixie.obj
COMPILER INVOKED BY: D:\Tool\Keil5\Keil5\C51\BIN\C51.EXE Nixie.c OPTIMIZE(8,SPEED) BROWSE DEBUG OBJECTEXTEND PRINT(.\Lis
                    -tings\Nixie.lst) TABS(2) OBJECT(.\Objects\Nixie.obj)

line level    source

   1          #include <REGX52.H>
   2          #include "Delay.h"
   3          
   4          unsigned char Nixie_Buf[9];
   5          
   6          unsigned char NixieTable[]={0x3F,0X06,0X5B,0X4F,0X66,0X6D,0X7D,0X07,0X7F,0X6F,0x00,0x40};
   7          
   8          void Nixie_SetBuf(unsigned char Loacation,Number)
   9          {
  10   1          Nixie_Buf[Loacation]=Number;
  11   1      }
  12          
  13          void Nixie_Scan(unsigned char Location,Number)
  14          {
  15   1          P0=0X00;
  16   1          switch(Location)
  17   1          {
  18   2            case 1:P2=0xFE;break;
  19   2            case 2:P2=0xFD;break;
  20   2            case 3:P2=0xFB;break;
  21   2          }
  22   1          P0=NixieTable[Number];
  23   1          // —” ±1ms£¨ ”æı‘›¡Ù
  24   1          Delay(1);
  25   1          // œ˚“˛«Â¡„
  26   1          P0=0x00;
  27   1      }
  28          
  29          void Nixie_Loop(void)
  30          {
  31   1          static unsigned char i;
  32   1          Nixie_Scan(i,Nixie_Buf[i]);
  33   1          i++;
  34   1          if(i>=4){i=1;}
  35   1      }
  36          
  37          void Nixie_each_Loop(unsigned char Wei)
  38          {
  39   1          Nixie_Scan(Wei,Nixie_Buf[Wei]);
  40   1      }
  41          
  42          void Nixie_Change_Loop(unsigned char Wei)
  43          {
  44   1          static unsigned char i, flag;
  45   1          if(i==Wei)
  46   1          {
  47   2              // …¡À∏Œª÷√
  48   2              if(flag < 100)Nixie_Scan(i,Nixie_Buf[i]); 
  49   2              flag = (flag + 1)%200;
  50   2          }
  51   1          else  Nixie_Scan(i,Nixie_Buf[i]);
  52   1          i++;
  53   1          if(i>=4){i=1;}
  54   1      }
C51 COMPILER V9.54   NIXIE                                                                 05/08/2024 00:18:52 PAGE 2   



MODULE INFORMATION:   STATIC OVERLAYABLE
   CODE SIZE        =    154    ----
   CONSTANT SIZE    =   ----    ----
   XDATA SIZE       =   ----    ----
   PDATA SIZE       =   ----    ----
   DATA SIZE        =     24    ----
   IDATA SIZE       =   ----    ----
   BIT SIZE         =   ----    ----
END OF MODULE INFORMATION.


C51 COMPILATION COMPLETE.  0 WARNING(S),  0 ERROR(S)
