C51 COMPILER V9.54   TIMER0                                                                05/06/2024 12:51:53 PAGE 1   


C51 COMPILER V9.54, COMPILATION OF MODULE TIMER0
OBJECT MODULE PLACED IN .\Objects\Timer0.obj
COMPILER INVOKED BY: D:\Tool\Keil5\Keil5\C51\BIN\C51.EXE Timer0.c OPTIMIZE(8,SPEED) BROWSE DEBUG OBJECTEXTEND PRINT(.\Li
                    -stings\Timer0.lst) TABS(2) OBJECT(.\Objects\Timer0.obj)

line level    source

   1          #include <REGX52.H>
   2          
   3          void Timer0Init(void)   //1毫秒@11.0592MHz
   4          {
   5   1        TMOD |= 0x01;   //设定计时器模式
   6   1        TH0 = 0xFC;     //设置定时初值
   7   1        TL0 = 0x66;     //设置定时初值
   8   1        TR0 = 1;        //定时器从0开始计时
   9   1        //配置中断
  10   1        //也就是IE=0X82,开T0中断
  11   1        ET0=1;
  12   1        EA=1;
  13   1      }
  14          
  15          /*
  16          void Timer0_Rountine() interrupt 1
  17          {
  18            static unsigned int T0Count=0;    
  19            TL0 = 0x18;     //设置定时初值
  20            TH0 = 0xFC; 
  21            T0Count++;
  22            //1次中断一微秒，1000次就是1秒
  23            if(T0Count>=500)
  24            {
  25              T0Count=0;
  26              //使用INTRINS内置库进行循环左移或右移
  27              if(LEDMode==0)
  28                P2=_crol_(P2,1);
  29              if(LEDMode==1)
  30                P2=_cror_(P2,1);
  31            }
  32          }
  33          */
  34          


MODULE INFORMATION:   STATIC OVERLAYABLE
   CODE SIZE        =     16    ----
   CONSTANT SIZE    =   ----    ----
   XDATA SIZE       =   ----    ----
   PDATA SIZE       =   ----    ----
   DATA SIZE        =   ----    ----
   IDATA SIZE       =   ----    ----
   BIT SIZE         =   ----    ----
END OF MODULE INFORMATION.


C51 COMPILATION COMPLETE.  0 WARNING(S),  0 ERROR(S)
