C51 COMPILER V9.54   MAIN                                                                  04/22/2024 22:27:58 PAGE 1   


C51 COMPILER V9.54, COMPILATION OF MODULE MAIN
OBJECT MODULE PLACED IN .\Objects\main.obj
COMPILER INVOKED BY: D:\Tool\Keil5\Keil5\C51\BIN\C51.EXE main.c OPTIMIZE(8,SPEED) BROWSE DEBUG OBJECTEXTEND PRINT(.\List
                    -ings\main.lst) TABS(2) OBJECT(.\Objects\main.obj)

line level    source

   1          #include<REGX52.H>
   2          #include<INTRINS.H>
   3          #include"Delay.h"
   4          
   5          //unsigned char DATA;
   6          //sbit LED = P2^0;  // 控制第一个LED灯
   7          
   8          void shiftLeft(unsigned char num) 
   9          {
  10   1          unsigned char i;
  11   1          unsigned char Data = 0xFF;
  12   1          Data = Data << num;   // 规定初始状态的Data
  13   1          for (i = 0; i < 8; i++) 
  14   1          {
  15   2              P2 = Data;
  16   2              Data = (Data << 1) | 0x01;    // 每次左移同时移入的是1
  17   2              Delay(500);
  18   2          }
  19   1      }
  20          
  21          void main()
  22          {
  23   1          unsigned char count = 1;  // 记录当前LED灯数量
  24   1          while(1) 
  25   1          {  
  26   2              shiftLeft(count);     // 左移count个LED灯
  27   2              count *= 2;           // 增加LED灯的数量
  28   2              if (count > 4) 
  29   2              {   
  30   3                  // 如果超过4个灯，重置回一个灯
  31   3                  count = 1;
  32   3              }
  33   2          }
  34   1      }


MODULE INFORMATION:   STATIC OVERLAYABLE
   CODE SIZE        =     71    ----
   CONSTANT SIZE    =   ----    ----
   XDATA SIZE       =   ----    ----
   PDATA SIZE       =   ----    ----
   DATA SIZE        =   ----       3
   IDATA SIZE       =   ----    ----
   BIT SIZE         =   ----    ----
END OF MODULE INFORMATION.


C51 COMPILATION COMPLETE.  0 WARNING(S),  0 ERROR(S)
