C51 COMPILER V9.54   NIXIE                                                                 05/07/2024 15:38:48 PAGE 1   


C51 COMPILER V9.54, COMPILATION OF MODULE NIXIE
OBJECT MODULE PLACED IN .\Objects\Nixie.obj
COMPILER INVOKED BY: D:\Tool\Keil5\Keil5\C51\BIN\C51.EXE Nixie.c OPTIMIZE(8,SPEED) BROWSE DEBUG OBJECTEXTEND PRINT(.\Lis
                    -tings\Nixie.lst) TABS(2) OBJECT(.\Objects\Nixie.obj)

line level    source

   1          #include <REGX52.H>
   2          #include "Delay.h"
   3          
   4          unsigned char Nixie_Buf[9];
   5          
   6          unsigned char NixieTable[]={0x3F,0X06,0X5B,0X4F,0X66,0X6D,0X7D,0X07,0X7F,0X6F,0x00,0x40};
   7          
   8          void Nixie_SetBuf(unsigned char Loacation,Number)
   9          {
  10   1          Nixie_Buf[Loacation]=Number;
  11   1      }
  12          
  13          void Nixie_Scan(unsigned char Location,Number)
  14          {
  15   1          P0=0X00;
  16   1          switch(Location)
  17   1          {
  18   2            case 1:P2=0xFE;break;
  19   2            case 2:P2=0xFD;break;
  20   2            case 3:P2=0xFB;break;
  21   2            case 4:P2=0xF7;break;
  22   2            case 5:P2=0xEF;break;
  23   2            case 6:P2=0xDF;break;
  24   2          }
  25   1          P0=NixieTable[Number];
  26   1          // 延时1ms，视觉暂留
  27   1          Delay(1);
  28   1          // 消隐清零
  29   1          P0=0x00;
  30   1      }
  31          
  32          void Nixie_Loop(void)
  33          {
  34   1          static unsigned char i;
  35   1          Nixie_Scan(i,Nixie_Buf[i]);
  36   1          i++;
  37   1          if(i>=7){i=1;}
  38   1      }
  39          void Nixie_each_Loop(unsigned char Wei)
  40          {
  41   1          Nixie_Scan(Wei,Nixie_Buf[Wei]);
  42   1      }


MODULE INFORMATION:   STATIC OVERLAYABLE
   CODE SIZE        =    117    ----
   CONSTANT SIZE    =   ----    ----
   XDATA SIZE       =   ----    ----
   PDATA SIZE       =   ----    ----
   DATA SIZE        =     22    ----
   IDATA SIZE       =   ----    ----
   BIT SIZE         =   ----    ----
END OF MODULE INFORMATION.


C51 COMPILATION COMPLETE.  0 WARNING(S),  0 ERROR(S)
