C51 COMPILER V9.54   MAIN                                                                  05/07/2024 20:31:06 PAGE 1   


C51 COMPILER V9.54, COMPILATION OF MODULE MAIN
OBJECT MODULE PLACED IN .\Objects\main.obj
COMPILER INVOKED BY: D:\Tool\Keil5\Keil5\C51\BIN\C51.EXE main.c OPTIMIZE(8,SPEED) BROWSE DEBUG OBJECTEXTEND PRINT(.\List
                    -ings\main.lst) TABS(2) OBJECT(.\Objects\main.obj)

line level    source

   1          #include <REGX52.H>
   2          #include "Delay.h"
   3          #include "Nixie.h"
   4          #include "Timer0.h"
   5          #include "Key.h"
   6          
   7          unsigned char Wei, KeyNum;  //Wei:数位
   8          //1是显示器显示数值或选择修改的数位
   9          //2是增一，3是数值减一，4是移位
  10          //char ShuweiTable[] = {1, 2, 3, 4};
  11          
  12          
  13          void main()
  14          {
  15   1          Timer0Init();
  16   1          P1 = 0xFF;    // 进入输入模式
  17   1          // 括号内不带参数
  18   1          // 注意函数名字对应
  19   1          // 在C51中，调用已经写好的函数前面也不需要加void或者int
  20   1          // 你像void Timer0Init();就无法调用函数了
  21   1          while(1)
  22   1          {
  23   2              KeyNum=Key();
  24   2              if (KeyNum)
  25   2              {
  26   3                P3 = 0x01<<KeyNum;
  27   3                Nixie_SetBuf(1, KeyNum);
  28   3              }
  29   2              
  30   2          }
  31   1      }
  32          
  33          
  34          void Timer0_Rountine() interrupt 1
  35          {
  36   1          static unsigned char T0Count1=0,T0Count2=0;   
  37   1          TH0 = 0xFC; 
  38   1          TL0 = 0x66;     //设定定时初值
  39   1          T0Count1++;
  40   1          //中断一次就是一微秒，1000次就是1秒
  41   1          if(T0Count1>=20)
  42   1          {
  43   2              // 采用定时器每20ms扫描一次键盘
  44   2              T0Count1=0;
  45   2              Key_Loop();
  46   2          }
  47   1          T0Count2++;
  48   1          if(T0Count2>=2)
  49   1          {
  50   2              // 定时器每2ms扫一次数码管
  51   2              T0Count2=0;
  52   2              Nixie_Loop();
  53   2          }
  54   1      }
C51 COMPILER V9.54   MAIN                                                                  05/07/2024 20:31:06 PAGE 2   



MODULE INFORMATION:   STATIC OVERLAYABLE
   CODE SIZE        =    132    ----
   CONSTANT SIZE    =   ----    ----
   XDATA SIZE       =   ----    ----
   PDATA SIZE       =   ----    ----
   DATA SIZE        =      4    ----
   IDATA SIZE       =   ----    ----
   BIT SIZE         =   ----    ----
END OF MODULE INFORMATION.


C51 COMPILATION COMPLETE.  0 WARNING(S),  0 ERROR(S)
