C51 COMPILER V9.54   NIXIE                                                                 05/21/2024 16:14:41 PAGE 1   


C51 COMPILER V9.54, COMPILATION OF MODULE NIXIE
OBJECT MODULE PLACED IN .\Objects\Nixie.obj
COMPILER INVOKED BY: D:\Tool\Keil5\Keil5\C51\BIN\C51.EXE Nixie.c OPTIMIZE(8,SPEED) BROWSE DEBUG OBJECTEXTEND PRINT(.\Lis
                    -tings\Nixie.lst) TABS(2) OBJECT(.\Objects\Nixie.obj)

line level    source

   1          #include <REGX52.H>
   2          #include "Delay.h"
   3          
   4          unsigned char Nixie_Buf[9];
   5          unsigned char DP_Flag;  // 小数点标志
   6          
   7          unsigned char NixieTable[]={0x3F,0X06,0X5B,0X4F,0X66,0X6D,0X7D,0X07,0X7F,0X6F,0x00,0x40};
   8          unsigned char DP_NixieTable[]={0xBF,0X86,0XDB,0XCF,0XE6,0XED,0XFD,0X87,0XFF,0XEF,0x80,0xC0};
   9          void Nixie_SetBuf(unsigned char Loacation,Number)
  10          {
  11   1          Nixie_Buf[Loacation]=Number;
  12   1      }
  13          
  14          void Nixie_Scan(unsigned char Location,Number)
  15          {
  16   1          P0=0X00;
  17   1          DP_Flag = 0;
  18   1          switch(Location)
  19   1          {
  20   2            case 1:P2=0xFE;break;
  21   2            case 2:P2=0xFD;DP_Flag=1;break;
  22   2            case 3:P2=0xFB;break;
  23   2            case 4:P2=0xF7;DP_Flag=1;break;
  24   2            case 5:P2=0xEF;break;
  25   2            case 6:P2=0xDF;break;
  26   2          }
  27   1          if(DP_Flag)
  28   1            P0=DP_NixieTable[Number];
  29   1          else
  30   1            P0=NixieTable[Number];
  31   1          // 延时1ms，视觉暂留
  32   1          Delay(1);
  33   1          // 消隐清零
  34   1          P0=0x00;
  35   1      }
  36          
  37          void Nixie_Loop(void)
  38          {
  39   1          static unsigned char i;
  40   1          Nixie_Scan(i,Nixie_Buf[i]);
  41   1          i++;
  42   1          if(i>=7){i=1;}
  43   1      }
  44          
  45          void Nixie_each_Loop(unsigned char Wei)
  46          {
  47   1          Nixie_Scan(Wei,Nixie_Buf[Wei]);
  48   1      }
  49          
  50          void Nixie_Change_Loop(unsigned char Wei)
  51          {
  52   1          static unsigned char i, flag;
  53   1          if(i==Wei)
  54   1          {
C51 COMPILER V9.54   NIXIE                                                                 05/21/2024 16:14:41 PAGE 2   

  55   2              // 闪烁位置
  56   2              if(flag < 100)Nixie_Scan(i,Nixie_Buf[i]); 
  57   2              flag = (flag + 1)%200;
  58   2          }
  59   1          else  Nixie_Scan(i,Nixie_Buf[i]);
  60   1          i++;
  61   1          if(i>=7){i=1;}
  62   1      }


MODULE INFORMATION:   STATIC OVERLAYABLE
   CODE SIZE        =    191    ----
   CONSTANT SIZE    =   ----    ----
   XDATA SIZE       =   ----    ----
   PDATA SIZE       =   ----    ----
   DATA SIZE        =     37    ----
   IDATA SIZE       =   ----    ----
   BIT SIZE         =   ----    ----
END OF MODULE INFORMATION.


C51 COMPILATION COMPLETE.  0 WARNING(S),  0 ERROR(S)
